12:03:57.191 [main] INFO  testCases.TC003_LoginDDT - ***** starting TC_003_LoginDDT *****
12:03:58.943 [main] INFO  testCases.TC003_LoginDDT - ***** Finished TC_003_LoginDDT *****
12:03:58.949 [main] INFO  testCases.TC003_LoginDDT - ***** starting TC_003_LoginDDT *****
12:04:10.183 [main] INFO  testCases.TC003_LoginDDT - ***** Finished TC_003_LoginDDT *****
12:04:10.188 [main] INFO  testCases.TC003_LoginDDT - ***** starting TC_003_LoginDDT *****
12:04:21.692 [main] INFO  testCases.TC003_LoginDDT - ***** Finished TC_003_LoginDDT *****
12:04:21.708 [main] INFO  testCases.TC003_LoginDDT - ***** starting TC_003_LoginDDT *****
12:04:23.378 [main] INFO  testCases.TC003_LoginDDT - ***** Finished TC_003_LoginDDT *****
12:10:19.667 [main] INFO  org.testng.internal.Utils - [TestNG] Running:
  C:\Users\2413569\eclipse-workspace\OpenCartV121\testng.xml

12:10:27.209 [main] INFO  testCases.TC003_LoginDDT - ***** starting TC_003_LoginDDT *****
12:10:32.694 [main] INFO  testCases.TC003_LoginDDT - ***** Finished TC_003_LoginDDT *****
12:10:32.702 [main] INFO  testCases.TC003_LoginDDT - ***** starting TC_003_LoginDDT *****
12:10:37.792 [main] INFO  testCases.TC003_LoginDDT - ***** Finished TC_003_LoginDDT *****
12:10:37.797 [main] INFO  testCases.TC003_LoginDDT - ***** starting TC_003_LoginDDT *****
12:10:51.877 [main] INFO  testCases.TC003_LoginDDT - ***** Finished TC_003_LoginDDT *****
12:10:51.882 [main] INFO  testCases.TC003_LoginDDT - ***** starting TC_003_LoginDDT *****
12:11:05.982 [main] INFO  testCases.TC003_LoginDDT - ***** Finished TC_003_LoginDDT *****
12:11:05.990 [main] INFO  testCases.TC003_LoginDDT - ***** starting TC_003_LoginDDT *****
12:11:11.047 [main] INFO  testCases.TC003_LoginDDT - ***** Finished TC_003_LoginDDT *****
12:15:44.907 [main] INFO  org.testng.internal.Utils - [TestNG] Running:
  C:\Users\2413569\eclipse-workspace\OpenCartV121\testng.xml

12:15:50.462 [main] INFO  testCases.TC003_LoginDDT - ***** starting TC_003_LoginDDT *****
12:15:54.990 [main] INFO  testCases.TC003_LoginDDT - ***** Finished TC_003_LoginDDT *****
12:15:54.990 [main] INFO  testCases.TC003_LoginDDT - ***** starting TC_003_LoginDDT *****
12:15:59.956 [main] INFO  testCases.TC003_LoginDDT - ***** Finished TC_003_LoginDDT *****
12:15:59.966 [main] INFO  testCases.TC003_LoginDDT - ***** starting TC_003_LoginDDT *****
12:16:14.356 [main] INFO  testCases.TC003_LoginDDT - ***** Finished TC_003_LoginDDT *****
12:16:14.363 [main] INFO  testCases.TC003_LoginDDT - ***** starting TC_003_LoginDDT *****
12:16:28.006 [main] INFO  testCases.TC003_LoginDDT - ***** Finished TC_003_LoginDDT *****
12:16:28.012 [main] INFO  testCases.TC003_LoginDDT - ***** starting TC_003_LoginDDT *****
12:16:33.108 [main] INFO  testCases.TC003_LoginDDT - ***** Finished TC_003_LoginDDT *****
12:18:11.029 [main] INFO  org.testng.internal.Utils - [TestNG] Running:
  C:\Users\2413569\eclipse-workspace\OpenCartV121\testng.xml

12:18:16.226 [main] INFO  testCases.TC003_LoginDDT - ***** starting TC_003_LoginDDT *****
12:18:20.905 [main] INFO  testCases.TC003_LoginDDT - ***** Finished TC_003_LoginDDT *****
12:18:20.912 [main] INFO  testCases.TC003_LoginDDT - ***** starting TC_003_LoginDDT *****
12:18:25.418 [main] INFO  testCases.TC003_LoginDDT - ***** Finished TC_003_LoginDDT *****
12:18:25.427 [main] INFO  testCases.TC003_LoginDDT - ***** starting TC_003_LoginDDT *****
12:18:36.588 [main] INFO  testCases.TC003_LoginDDT - ***** starting TC_003_LoginDDT *****
12:18:50.638 [main] INFO  testCases.TC003_LoginDDT - ***** Finished TC_003_LoginDDT *****
12:18:50.638 [main] INFO  testCases.TC003_LoginDDT - ***** starting TC_003_LoginDDT *****
12:18:55.255 [main] INFO  testCases.TC003_LoginDDT - ***** Finished TC_003_LoginDDT *****
12:18:55.255 [main] INFO  testCases.TC003_LoginDDT - ***** starting TC_003_LoginDDT *****
12:19:08.802 [main] INFO  testCases.TC003_LoginDDT - ***** Finished TC_003_LoginDDT *****
12:29:21.677 [main] INFO  org.testng.internal.Utils - [TestNG] Running:
  C:\Users\2413569\eclipse-workspace\OpenCartV121\testng.xml

12:29:27.387 [main] INFO  testCases.TC003_LoginDDT - ***** starting TC_003_LoginDDT *****
12:29:32.175 [main] INFO  testCases.TC003_LoginDDT - ***** Finished TC_003_LoginDDT *****
12:29:32.183 [main] INFO  testCases.TC003_LoginDDT - ***** starting TC_003_LoginDDT *****
12:29:36.771 [main] INFO  testCases.TC003_LoginDDT - ***** Finished TC_003_LoginDDT *****
12:29:36.777 [main] INFO  testCases.TC003_LoginDDT - ***** starting TC_003_LoginDDT *****
12:29:47.580 [main] INFO  testCases.TC003_LoginDDT - ***** starting TC_003_LoginDDT *****
12:30:01.222 [main] INFO  testCases.TC003_LoginDDT - ***** Finished TC_003_LoginDDT *****
12:30:01.227 [main] INFO  testCases.TC003_LoginDDT - ***** starting TC_003_LoginDDT *****
12:30:17.718 [main] INFO  testCases.TC003_LoginDDT - ***** Finished TC_003_LoginDDT *****
12:30:17.721 [main] INFO  testCases.TC003_LoginDDT - ***** starting TC_003_LoginDDT *****
12:30:31.337 [main] INFO  testCases.TC003_LoginDDT - ***** Finished TC_003_LoginDDT *****
12:34:48.611 [main] INFO  org.testng.internal.Utils - [TestNG] Running:
  C:\Users\2413569\eclipse-workspace\OpenCartV121\testng.xml

12:34:53.977 [main] INFO  testCases.TC003_LoginDDT - ***** starting TC_003_LoginDDT *****
12:34:58.504 [main] INFO  testCases.TC003_LoginDDT - ***** Finished TC_003_LoginDDT *****
12:34:58.504 [main] INFO  testCases.TC003_LoginDDT - ***** starting TC_003_LoginDDT *****
12:35:02.989 [main] INFO  testCases.TC003_LoginDDT - ***** Finished TC_003_LoginDDT *****
12:35:03.000 [main] INFO  testCases.TC003_LoginDDT - ***** starting TC_003_LoginDDT *****
12:35:21.042 [main] INFO  testCases.TC003_LoginDDT - ***** Finished TC_003_LoginDDT *****
12:35:21.042 [main] INFO  testCases.TC003_LoginDDT - ***** starting TC_003_LoginDDT *****
12:35:25.639 [main] INFO  testCases.TC003_LoginDDT - ***** Finished TC_003_LoginDDT *****
12:35:25.639 [main] INFO  testCases.TC003_LoginDDT - ***** starting TC_003_LoginDDT *****
12:35:39.231 [main] INFO  testCases.TC003_LoginDDT - ***** Finished TC_003_LoginDDT *****
14:25:11.679 [main] INFO  org.testng.internal.Utils - [TestNG] Running:
  C:\Users\2413569\eclipse-workspace\OpenCartV121\testng.xml

14:25:17.421 [main] INFO  testCases.TC001_AccountRegistrationTest - ****Starting Account Registration****
14:25:17.674 [main] INFO  testCases.TC001_AccountRegistrationTest - ****Clicked on MyAccount link****
14:25:18.221 [main] INFO  testCases.TC001_AccountRegistrationTest - ****Clicked on Register link****
14:25:18.242 [main] INFO  testCases.TC001_AccountRegistrationTest - ****Providing customer details****
14:25:19.411 [main] INFO  testCases.TC001_AccountRegistrationTest - ****Validating expected msg****
14:25:19.467 [main] INFO  testCases.TC001_AccountRegistrationTest - ****Finished Account Registration****
14:25:24.489 [main] INFO  testCases.TC002_LoginTest - ***** Starting TC002_LoginTest ***** 
14:25:25.821 [main] INFO  testCases.TC002_LoginTest - ***** Finished TC002_LoginTest ****** 
14:26:37.156 [main] INFO  org.testng.internal.Utils - [TestNG] Running:
  C:\Users\2413569\eclipse-workspace\OpenCartV121\testng.xml

14:26:42.918 [main] INFO  testCases.TC002_LoginTest - ***** Starting TC002_LoginTest ***** 
14:26:44.650 [main] INFO  testCases.TC002_LoginTest - ***** Finished TC002_LoginTest ****** 
14:34:47.566 [main] INFO  org.testng.internal.Utils - [TestNG] Running:
  C:\Users\2413569\eclipse-workspace\OpenCartV121\testng.xml

14:34:53.319 [main] INFO  testCases.TC001_AccountRegistrationTest - ****Starting Account Registration****
14:34:53.525 [main] INFO  testCases.TC001_AccountRegistrationTest - ****Clicked on MyAccount link****
14:34:54.136 [main] INFO  testCases.TC001_AccountRegistrationTest - ****Clicked on Register link****
14:34:54.158 [main] INFO  testCases.TC001_AccountRegistrationTest - ****Providing customer details****
14:34:55.655 [main] INFO  testCases.TC001_AccountRegistrationTest - ****Validating expected msg****
14:34:55.712 [main] INFO  testCases.TC001_AccountRegistrationTest - ****Finished Account Registration****
14:35:03.945 [main] INFO  testCases.TC002_LoginTest - ***** Starting TC002_LoginTest ***** 
14:35:08.107 [main] INFO  testCases.TC002_LoginTest - ***** Finished TC002_LoginTest ****** 
14:37:03.131 [main] INFO  org.testng.internal.Utils - [TestNG] Running:
  C:\Users\2413569\eclipse-workspace\OpenCartV121\grouping.xml

14:37:07.556 [main] INFO  testCases.TC001_AccountRegistrationTest - ****Starting Account Registration****
14:37:07.821 [main] INFO  testCases.TC001_AccountRegistrationTest - ****Clicked on MyAccount link****
14:37:08.378 [main] INFO  testCases.TC001_AccountRegistrationTest - ****Clicked on Register link****
14:37:08.381 [main] INFO  testCases.TC001_AccountRegistrationTest - ****Providing customer details****
14:37:09.637 [main] INFO  testCases.TC001_AccountRegistrationTest - ****Validating expected msg****
14:37:09.679 [main] INFO  testCases.TC001_AccountRegistrationTest - ****Finished Account Registration****
14:37:15.181 [main] INFO  testCases.TC002_LoginTest - ***** Starting TC002_LoginTest ***** 
14:37:16.810 [main] INFO  testCases.TC002_LoginTest - ***** Finished TC002_LoginTest ****** 
10:31:10.566 [main] INFO  org.testng.internal.Utils - [TestNG] Running:
  C:\Users\2413569\eclipse-workspace\OpenCartV121\grouping.xml

10:31:16.177 [main] INFO  testCases.TC001_AccountRegistrationTest - ****Starting Account Registration****
10:31:16.545 [main] INFO  testCases.TC001_AccountRegistrationTest - ****Clicked on MyAccount link****
10:31:17.501 [main] INFO  testCases.TC001_AccountRegistrationTest - ****Clicked on Register link****
10:31:17.505 [main] INFO  testCases.TC001_AccountRegistrationTest - ****Providing customer details****
10:31:18.743 [main] INFO  testCases.TC001_AccountRegistrationTest - ****Validating expected msg****
10:31:18.781 [main] INFO  testCases.TC001_AccountRegistrationTest - ****Finished Account Registration****
10:31:23.696 [main] INFO  testCases.TC002_LoginTest - ***** Starting TC002_LoginTest ***** 
10:31:25.210 [main] INFO  testCases.TC002_LoginTest - ***** Finished TC002_LoginTest ****** 
11:16:10.607 [main] INFO  org.testng.internal.Utils - [TestNG] Running:
  C:\Users\2413569\eclipse-workspace\OpenCartV121\grouping.xml

11:16:15.736 [main] INFO  testCases.TC001_AccountRegistrationTest - ****Starting Account Registration****
11:16:16.252 [main] INFO  testCases.TC001_AccountRegistrationTest - ****Clicked on MyAccount link****
11:16:16.840 [main] INFO  testCases.TC001_AccountRegistrationTest - ****Clicked on Register link****
11:16:16.867 [main] INFO  testCases.TC001_AccountRegistrationTest - ****Providing customer details****
11:16:18.311 [main] INFO  testCases.TC001_AccountRegistrationTest - ****Validating expected msg****
11:16:18.373 [main] INFO  testCases.TC001_AccountRegistrationTest - ****Finished Account Registration****
11:16:23.871 [main] INFO  testCases.TC002_LoginTest - ***** Starting TC002_LoginTest ***** 
11:16:25.544 [main] INFO  testCases.TC002_LoginTest - ***** Finished TC002_LoginTest ****** 
11:17:51.062 [main] INFO  org.testng.internal.Utils - [TestNG] Running:
  C:\Users\2413569\eclipse-workspace\OpenCartV121\testng.xml

11:17:55.601 [main] INFO  testCases.TC001_AccountRegistrationTest - ****Starting Account Registration****
11:17:55.888 [main] INFO  testCases.TC001_AccountRegistrationTest - ****Clicked on MyAccount link****
11:17:56.466 [main] INFO  testCases.TC001_AccountRegistrationTest - ****Clicked on Register link****
11:17:56.468 [main] INFO  testCases.TC001_AccountRegistrationTest - ****Providing customer details****
11:17:58.105 [main] INFO  testCases.TC001_AccountRegistrationTest - ****Validating expected msg****
11:17:58.151 [main] INFO  testCases.TC001_AccountRegistrationTest - ****Finished Account Registration****
11:18:03.970 [main] INFO  testCases.TC002_LoginTest - ***** Starting TC002_LoginTest ***** 
11:18:05.641 [main] INFO  testCases.TC002_LoginTest - ***** Finished TC002_LoginTest ****** 
11:18:12.873 [main] INFO  testCases.TC003_LoginDDT - ***** starting TC_003_LoginDDT *****
11:18:17.584 [main] INFO  testCases.TC003_LoginDDT - ***** Finished TC_003_LoginDDT *****
11:18:17.596 [main] INFO  testCases.TC003_LoginDDT - ***** starting TC_003_LoginDDT *****
11:18:22.404 [main] INFO  testCases.TC003_LoginDDT - ***** Finished TC_003_LoginDDT *****
11:18:22.408 [main] INFO  testCases.TC003_LoginDDT - ***** starting TC_003_LoginDDT *****
11:18:36.994 [main] INFO  testCases.TC003_LoginDDT - ***** Finished TC_003_LoginDDT *****
11:18:36.998 [main] INFO  testCases.TC003_LoginDDT - ***** starting TC_003_LoginDDT *****
11:18:42.113 [main] INFO  testCases.TC003_LoginDDT - ***** Finished TC_003_LoginDDT *****
11:18:42.116 [main] INFO  testCases.TC003_LoginDDT - ***** starting TC_003_LoginDDT *****
11:18:56.434 [main] INFO  testCases.TC003_LoginDDT - ***** Finished TC_003_LoginDDT *****
11:20:35.270 [main] INFO  org.testng.internal.Utils - [TestNG] Running:
  C:\Users\2413569\eclipse-workspace\OpenCartV121\testng.xml

11:20:39.752 [main] INFO  testCases.TC001_AccountRegistrationTest - ****Starting Account Registration****
11:20:40.005 [main] INFO  testCases.TC001_AccountRegistrationTest - ****Clicked on MyAccount link****
11:20:40.512 [main] INFO  testCases.TC001_AccountRegistrationTest - ****Clicked on Register link****
11:20:40.514 [main] INFO  testCases.TC001_AccountRegistrationTest - ****Providing customer details****
11:20:41.753 [main] INFO  testCases.TC001_AccountRegistrationTest - ****Validating expected msg****
11:20:41.800 [main] INFO  testCases.TC001_AccountRegistrationTest - ****Finished Account Registration****
11:20:47.065 [main] INFO  testCases.TC002_LoginTest - ***** Starting TC002_LoginTest ***** 
11:21:06.135 [main] INFO  testCases.TC003_LoginDDT - ***** starting TC_003_LoginDDT *****
11:21:11.255 [main] INFO  testCases.TC003_LoginDDT - ***** Finished TC_003_LoginDDT *****
11:21:11.258 [main] INFO  testCases.TC003_LoginDDT - ***** starting TC_003_LoginDDT *****
11:21:15.971 [main] INFO  testCases.TC003_LoginDDT - ***** Finished TC_003_LoginDDT *****
11:21:15.983 [main] INFO  testCases.TC003_LoginDDT - ***** starting TC_003_LoginDDT *****
11:21:30.831 [main] INFO  testCases.TC003_LoginDDT - ***** Finished TC_003_LoginDDT *****
11:21:30.833 [main] INFO  testCases.TC003_LoginDDT - ***** starting TC_003_LoginDDT *****
11:21:35.539 [main] INFO  testCases.TC003_LoginDDT - ***** Finished TC_003_LoginDDT *****
11:21:35.540 [main] INFO  testCases.TC003_LoginDDT - ***** starting TC_003_LoginDDT *****
11:21:49.103 [main] INFO  testCases.TC003_LoginDDT - ***** Finished TC_003_LoginDDT *****
16:40:47.061 [main] INFO  org.testng.internal.Utils - [TestNG] Running:
  C:\Users\2413569\eclipse-workspace\OpenCartV121\testng.xml

16:40:54.959 [main] INFO  testCases.TC001_AccountRegistrationTest - ****Starting Account Registration****
16:40:55.366 [main] INFO  testCases.TC001_AccountRegistrationTest - ****Clicked on MyAccount link****
16:40:55.953 [main] INFO  testCases.TC001_AccountRegistrationTest - ****Clicked on Register link****
16:40:55.975 [main] INFO  testCases.TC001_AccountRegistrationTest - ****Providing customer details****
16:40:57.716 [main] INFO  testCases.TC001_AccountRegistrationTest - ****Validating expected msg****
16:40:57.778 [main] INFO  testCases.TC001_AccountRegistrationTest - ****Finished Account Registration****
16:41:03.585 [main] INFO  testCases.TC002_LoginTest - ***** Starting TC002_LoginTest ***** 
16:41:05.594 [main] INFO  testCases.TC002_LoginTest - ***** Finished TC002_LoginTest ****** 
16:41:13.486 [main] INFO  testCases.TC003_LoginDDT - ***** starting TC_003_LoginDDT *****
16:41:18.276 [main] INFO  testCases.TC003_LoginDDT - ***** Finished TC_003_LoginDDT *****
16:41:18.283 [main] INFO  testCases.TC003_LoginDDT - ***** starting TC_003_LoginDDT *****
16:41:23.104 [main] INFO  testCases.TC003_LoginDDT - ***** Finished TC_003_LoginDDT *****
16:41:23.155 [main] INFO  testCases.TC003_LoginDDT - ***** starting TC_003_LoginDDT *****
16:41:38.274 [main] INFO  testCases.TC003_LoginDDT - ***** Finished TC_003_LoginDDT *****
16:41:38.280 [main] INFO  testCases.TC003_LoginDDT - ***** starting TC_003_LoginDDT *****
16:41:43.040 [main] INFO  testCases.TC003_LoginDDT - ***** Finished TC_003_LoginDDT *****
16:41:43.045 [main] INFO  testCases.TC003_LoginDDT - ***** starting TC_003_LoginDDT *****
16:41:56.622 [main] INFO  testCases.TC003_LoginDDT - ***** Finished TC_003_LoginDDT *****
16:48:01.860 [main] INFO  org.testng.internal.Utils - [TestNG] Running:
  C:\Users\2413569\eclipse-workspace\OpenCartV121\testng.xml

16:48:07.335 [main] INFO  testCases.TC001_AccountRegistrationTest - ****Starting Account Registration****
16:48:07.732 [main] INFO  testCases.TC001_AccountRegistrationTest - ****Clicked on MyAccount link****
16:48:08.612 [main] INFO  testCases.TC001_AccountRegistrationTest - ****Clicked on Register link****
16:48:08.640 [main] INFO  testCases.TC001_AccountRegistrationTest - ****Providing customer details****
16:48:10.076 [main] INFO  testCases.TC001_AccountRegistrationTest - ****Validating expected msg****
16:48:10.137 [main] INFO  testCases.TC001_AccountRegistrationTest - ****Finished Account Registration****
16:48:15.718 [main] INFO  testCases.TC002_LoginTest - ***** Starting TC002_LoginTest ***** 
16:48:17.541 [main] INFO  testCases.TC002_LoginTest - ***** Finished TC002_LoginTest ****** 
16:50:14.261 [main] INFO  org.testng.internal.Utils - [TestNG] Running:
  C:\Users\2413569\eclipse-workspace\OpenCartV121\testng.xml

16:50:19.764 [main] INFO  testCases.TC001_AccountRegistrationTest - ****Starting Account Registration****
16:50:20.159 [main] INFO  testCases.TC001_AccountRegistrationTest - ****Clicked on MyAccount link****
16:50:20.771 [main] INFO  testCases.TC001_AccountRegistrationTest - ****Clicked on Register link****
16:50:20.773 [main] INFO  testCases.TC001_AccountRegistrationTest - ****Providing customer details****
16:50:22.411 [main] INFO  testCases.TC001_AccountRegistrationTest - ****Validating expected msg****
16:50:22.470 [main] INFO  testCases.TC001_AccountRegistrationTest - ****Finished Account Registration****
16:50:29.773 [main] INFO  testCases.TC002_LoginTest - ***** Starting TC002_LoginTest ***** 
16:50:32.019 [main] INFO  testCases.TC002_LoginTest - ***** Finished TC002_LoginTest ****** 
16:52:54.295 [main] INFO  org.testng.internal.Utils - [TestNG] Running:
  C:\Users\2413569\eclipse-workspace\OpenCartV121\crossBrowserTesting.xml

16:52:58.487 [TestNG-tests-1] INFO  testCases.TC001_AccountRegistrationTest - ****Starting Account Registration****
16:52:58.750 [TestNG-tests-1] INFO  testCases.TC001_AccountRegistrationTest - ****Clicked on MyAccount link****
16:52:59.300 [TestNG-tests-1] INFO  testCases.TC001_AccountRegistrationTest - ****Clicked on Register link****
16:52:59.303 [TestNG-tests-1] INFO  testCases.TC001_AccountRegistrationTest - ****Providing customer details****
16:53:00.432 [TestNG-tests-1] INFO  testCases.TC001_AccountRegistrationTest - ****Validating expected msg****
16:53:00.483 [TestNG-tests-1] INFO  testCases.TC001_AccountRegistrationTest - ****Finished Account Registration****
16:53:04.898 [TestNG-tests-1] INFO  testCases.TC002_LoginTest - ***** Starting TC002_LoginTest ***** 
16:53:06.337 [TestNG-tests-1] INFO  testCases.TC002_LoginTest - ***** Finished TC002_LoginTest ****** 
16:56:18.570 [main] INFO  org.testng.internal.Utils - [TestNG] Running:
  C:\Users\2413569\eclipse-workspace\OpenCartV121\crossBrowserTesting.xml

16:56:22.388 [TestNG-tests-1] INFO  testCases.TC001_AccountRegistrationTest - ****Starting Account Registration****
16:56:22.862 [TestNG-tests-1] INFO  testCases.TC001_AccountRegistrationTest - ****Clicked on MyAccount link****
16:56:23.429 [TestNG-tests-1] INFO  testCases.TC001_AccountRegistrationTest - ****Clicked on Register link****
16:56:23.432 [TestNG-tests-1] INFO  testCases.TC001_AccountRegistrationTest - ****Providing customer details****
16:56:24.765 [TestNG-tests-1] INFO  testCases.TC001_AccountRegistrationTest - ****Validating expected msg****
16:56:24.818 [TestNG-tests-1] INFO  testCases.TC001_AccountRegistrationTest - ****Finished Account Registration****
16:59:02.678 [main] INFO  org.testng.internal.Utils - [TestNG] Running:
  C:\Users\2413569\eclipse-workspace\OpenCartV121\crossBrowserTesting.xml

16:59:06.600 [TestNG-tests-1] INFO  testCases.TC001_AccountRegistrationTest - ****Starting Account Registration****
16:59:06.902 [TestNG-tests-1] INFO  testCases.TC001_AccountRegistrationTest - ****Clicked on MyAccount link****
16:59:07.465 [TestNG-tests-1] INFO  testCases.TC001_AccountRegistrationTest - ****Clicked on Register link****
16:59:07.468 [TestNG-tests-1] INFO  testCases.TC001_AccountRegistrationTest - ****Providing customer details****
16:59:08.738 [TestNG-tests-1] INFO  testCases.TC001_AccountRegistrationTest - ****Validating expected msg****
16:59:08.810 [TestNG-tests-1] INFO  testCases.TC001_AccountRegistrationTest - ****Finished Account Registration****
17:02:01.929 [main] INFO  org.testng.internal.Utils - [TestNG] Running:
  C:\Users\2413569\eclipse-workspace\OpenCartV121\crossBrowserTesting.xml

17:02:07.144 [TestNG-tests-2] INFO  testCases.TC001_AccountRegistrationTest - ****Starting Account Registration****
17:02:07.932 [TestNG-tests-2] INFO  testCases.TC001_AccountRegistrationTest - ****Clicked on MyAccount link****
17:02:08.766 [TestNG-tests-2] INFO  testCases.TC001_AccountRegistrationTest - ****Clicked on Register link****
17:02:08.770 [TestNG-tests-2] INFO  testCases.TC001_AccountRegistrationTest - ****Providing customer details****
17:02:18.912 [TestNG-tests-2] ERROR testCases.TC001_AccountRegistrationTest - Test failed....
17:02:18.963 [TestNG-tests-1] INFO  testCases.TC001_AccountRegistrationTest - ****Starting Account Registration****
17:02:22.981 [TestNG-tests-1] ERROR testCases.TC001_AccountRegistrationTest - Test failed....
17:02:40.157 [main] INFO  org.testng.internal.Utils - [TestNG] Running:
  C:\Users\2413569\eclipse-workspace\OpenCartV121\crossBrowserTesting.xml

17:02:44.936 [TestNG-tests-2] INFO  testCases.TC001_AccountRegistrationTest - ****Starting Account Registration****
17:02:45.754 [TestNG-tests-2] INFO  testCases.TC001_AccountRegistrationTest - ****Clicked on MyAccount link****
17:02:46.693 [TestNG-tests-2] INFO  testCases.TC001_AccountRegistrationTest - ****Clicked on Register link****
17:02:46.726 [TestNG-tests-2] INFO  testCases.TC001_AccountRegistrationTest - ****Providing customer details****
17:02:56.834 [TestNG-tests-2] ERROR testCases.TC001_AccountRegistrationTest - Test failed....
17:02:56.940 [TestNG-tests-1] INFO  testCases.TC001_AccountRegistrationTest - ****Starting Account Registration****
17:02:57.202 [TestNG-tests-1] INFO  testCases.TC001_AccountRegistrationTest - ****Clicked on MyAccount link****
17:03:01.621 [TestNG-tests-1] ERROR testCases.TC001_AccountRegistrationTest - Test failed....
17:20:14.773 [main] INFO  org.testng.internal.Utils - [TestNG] Running:
  C:\Users\2413569\eclipse-workspace\OpenCartV121\crossBrowserTesting.xml

17:20:19.461 [TestNG-tests-2] INFO  testCases.TC001_AccountRegistrationTest - ****Starting Account Registration****
17:20:20.248 [TestNG-tests-2] INFO  testCases.TC001_AccountRegistrationTest - ****Clicked on MyAccount link****
17:20:21.140 [TestNG-tests-2] INFO  testCases.TC001_AccountRegistrationTest - ****Clicked on Register link****
17:20:21.144 [TestNG-tests-2] INFO  testCases.TC001_AccountRegistrationTest - ****Providing customer details****
17:20:31.190 [TestNG-tests-2] ERROR testCases.TC001_AccountRegistrationTest - Test failed....
17:20:31.233 [TestNG-tests-1] INFO  testCases.TC001_AccountRegistrationTest - ****Starting Account Registration****
17:20:33.447 [TestNG-tests-1] ERROR testCases.TC001_AccountRegistrationTest - Test failed....
17:23:23.572 [main] INFO  org.testng.internal.Utils - [TestNG] Running:
  C:\Users\2413569\eclipse-workspace\OpenCartV121\crossBrowserTesting.xml

17:23:27.560 [TestNG-tests-2] INFO  testCases.TC001_AccountRegistrationTest - ****Starting Account Registration****
17:23:28.473 [TestNG-tests-2] INFO  testCases.TC001_AccountRegistrationTest - ****Clicked on MyAccount link****
17:23:29.578 [TestNG-tests-2] INFO  testCases.TC001_AccountRegistrationTest - ****Clicked on Register link****
17:23:29.581 [TestNG-tests-2] INFO  testCases.TC001_AccountRegistrationTest - ****Providing customer details****
17:23:39.925 [TestNG-tests-2] ERROR testCases.TC001_AccountRegistrationTest - Test failed....
17:23:39.966 [TestNG-tests-1] INFO  testCases.TC001_AccountRegistrationTest - ****Starting Account Registration****
17:23:40.153 [TestNG-tests-1] INFO  testCases.TC001_AccountRegistrationTest - ****Clicked on MyAccount link****
17:23:41.149 [TestNG-tests-1] INFO  testCases.TC001_AccountRegistrationTest - ****Clicked on Register link****
17:23:41.150 [TestNG-tests-1] INFO  testCases.TC001_AccountRegistrationTest - ****Providing customer details****
17:23:45.409 [TestNG-tests-1] ERROR testCases.TC001_AccountRegistrationTest - Test failed....
17:27:01.106 [main] INFO  org.testng.internal.Utils - [TestNG] Running:
  C:\Users\2413569\eclipse-workspace\OpenCartV121\testng.xml

17:27:05.591 [main] INFO  testCases.TC001_AccountRegistrationTest - ****Starting Account Registration****
17:27:05.951 [main] INFO  testCases.TC001_AccountRegistrationTest - ****Clicked on MyAccount link****
17:27:06.487 [main] INFO  testCases.TC001_AccountRegistrationTest - ****Clicked on Register link****
17:27:06.490 [main] INFO  testCases.TC001_AccountRegistrationTest - ****Providing customer details****
17:27:07.734 [main] INFO  testCases.TC001_AccountRegistrationTest - ****Validating expected msg****
17:27:07.778 [main] INFO  testCases.TC001_AccountRegistrationTest - ****Finished Account Registration****
17:27:12.950 [main] INFO  testCases.TC002_LoginTest - ***** Starting TC002_LoginTest ***** 
17:27:14.453 [main] INFO  testCases.TC002_LoginTest - ***** Finished TC002_LoginTest ****** 
08:57:38.502 [main] INFO  org.testng.internal.Utils - [TestNG] Running:
  C:\Users\2413569\eclipse-workspace\OpenCartV121\testng.xml

08:57:46.158 [main] INFO  testCases.TC001_AccountRegistrationTest - ****Starting Account Registration****
08:57:46.515 [main] INFO  testCases.TC001_AccountRegistrationTest - ****Clicked on MyAccount link****
08:57:47.205 [main] INFO  testCases.TC001_AccountRegistrationTest - ****Clicked on Register link****
08:57:47.223 [main] INFO  testCases.TC001_AccountRegistrationTest - ****Providing customer details****
08:57:47.915 [main] INFO  testCases.TC001_AccountRegistrationTest - ****Validating expected msg****
08:57:48.692 [main] INFO  testCases.TC001_AccountRegistrationTest - ****Finished Account Registration****
08:57:56.508 [main] INFO  testCases.TC002_LoginTest - ***** Starting TC002_LoginTest ***** 
08:57:58.257 [main] INFO  testCases.TC002_LoginTest - ***** Finished TC002_LoginTest ****** 
08:58:37.563 [main] INFO  org.testng.internal.Utils - [TestNG] Running:
  C:\Users\2413569\eclipse-workspace\OpenCartV121\testng.xml

08:58:42.845 [main] INFO  testCases.TC001_AccountRegistrationTest - ****Starting Account Registration****
08:58:43.189 [main] INFO  testCases.TC001_AccountRegistrationTest - ****Clicked on MyAccount link****
08:58:43.724 [main] INFO  testCases.TC001_AccountRegistrationTest - ****Clicked on Register link****
08:58:43.727 [main] INFO  testCases.TC001_AccountRegistrationTest - ****Providing customer details****
08:58:44.332 [main] INFO  testCases.TC001_AccountRegistrationTest - ****Validating expected msg****
08:58:45.035 [main] INFO  testCases.TC001_AccountRegistrationTest - ****Finished Account Registration****
08:58:52.445 [main] INFO  testCases.TC002_LoginTest - ***** Starting TC002_LoginTest ***** 
08:58:54.035 [main] INFO  testCases.TC002_LoginTest - ***** Finished TC002_LoginTest ****** 
11:56:21.855 [main] INFO  org.testng.internal.Utils - [TestNG] Running:
  C:\Users\2413569\eclipse-workspace\OpenCartV121\testng.xml

11:56:27.363 [main] INFO  testCases.TC001_AccountRegistrationTest - ****Starting Account Registration****
11:56:27.646 [main] INFO  testCases.TC001_AccountRegistrationTest - ****Clicked on MyAccount link****
11:56:28.183 [main] INFO  testCases.TC001_AccountRegistrationTest - ****Clicked on Register link****
11:56:28.185 [main] INFO  testCases.TC001_AccountRegistrationTest - ****Providing customer details****
11:56:29.711 [main] INFO  testCases.TC001_AccountRegistrationTest - ****Validating expected msg****
11:56:29.754 [main] INFO  testCases.TC001_AccountRegistrationTest - ****Finished Account Registration****
11:56:34.860 [main] INFO  testCases.TC002_LoginTest - ***** Starting TC002_LoginTest ***** 
11:56:36.437 [main] INFO  testCases.TC002_LoginTest - ***** Finished TC002_LoginTest ****** 
15:11:35.590 [main] INFO  testCases.TC001_AccountRegistrationTest - ****Starting Account Registration****
15:11:35.878 [main] INFO  testCases.TC001_AccountRegistrationTest - ****Clicked on MyAccount link****
15:11:36.438 [main] INFO  testCases.TC001_AccountRegistrationTest - ****Clicked on Register link****
15:11:36.442 [main] INFO  testCases.TC001_AccountRegistrationTest - ****Providing customer details****
15:11:37.758 [main] INFO  testCases.TC001_AccountRegistrationTest - ****Validating expected msg****
15:11:37.812 [main] INFO  testCases.TC001_AccountRegistrationTest - ****Finished Account Registration****
15:11:43.018 [main] INFO  testCases.TC002_LoginTest - ***** Starting TC002_LoginTest ***** 
15:11:44.651 [main] INFO  testCases.TC002_LoginTest - ***** Finished TC002_LoginTest ****** 
15:27:43.828 [main] INFO  testCases.TC001_AccountRegistrationTest - ****Starting Account Registration****
15:27:44.223 [main] INFO  testCases.TC001_AccountRegistrationTest - ****Clicked on MyAccount link****
15:27:44.748 [main] INFO  testCases.TC001_AccountRegistrationTest - ****Clicked on Register link****
15:27:44.752 [main] INFO  testCases.TC001_AccountRegistrationTest - ****Providing customer details****
15:27:45.392 [main] INFO  testCases.TC001_AccountRegistrationTest - ****Validating expected msg****
15:27:46.113 [main] INFO  testCases.TC001_AccountRegistrationTest - ****Finished Account Registration****
15:27:50.924 [main] INFO  testCases.TC002_LoginTest - ***** Starting TC002_LoginTest ***** 
15:27:52.676 [main] INFO  testCases.TC002_LoginTest - ***** Finished TC002_LoginTest ****** 
